#-----------------------------------------------------------
# Vivado v2019.1 (64-bit)
# SW Build 2552052 on Fri May 24 14:49:42 MDT 2019
# IP Build 2548770 on Fri May 24 18:01:18 MDT 2019
# Start of session at: Mon Dec  6 15:03:57 2021
# Process ID: 13640
# Current directory: H:/Comp Eng Lab I/simpleprocessor
# Command line: vivado.exe -gui_launcher_event rodinguilauncherevent13248 H:\Comp Eng Lab I\simpleprocessor\simpleprocessor.xpr
# Log file: H:/Comp Eng Lab I/simpleprocessor/vivado.log
# Journal file: H:/Comp Eng Lab I/simpleprocessor\vivado.jou
#-----------------------------------------------------------
start_gui
open_project {H:/Comp Eng Lab I/simpleprocessor/simpleprocessor.xpr}
Scanning sources...
Finished scanning sources
INFO: [IP_Flow 19-234] Refreshing IP repositories
INFO: [IP_Flow 19-1704] No user IP repositories specified
INFO: [IP_Flow 19-2313] Loaded Vivado IP repository 'C:/Xilinx/Vivado/2019.1/data/ip'.
open_project: Time (s): cpu = 00:00:12 ; elapsed = 00:00:06 . Memory (MB): peak = 696.152 ; gain = 84.840
launch_simulation
INFO: [Vivado 12-5682] Launching behavioral simulation in 'H:/Comp Eng Lab I/simpleprocessor/simpleprocessor.sim/sim_1/behav/xsim'
INFO: [SIM-utils-51] Simulation object is 'sim_1'
INFO: [SIM-utils-54] Inspecting design source files for 'simpleprocessor_tb' in fileset 'sim_1'...
INFO: [SIM-utils-43] Exported 'H:/Comp Eng Lab I/simpleprocessor/simpleprocessor.sim/sim_1/behav/xsim/data.mem'
INFO: [SIM-utils-43] Exported 'H:/Comp Eng Lab I/simpleprocessor/simpleprocessor.sim/sim_1/behav/xsim/data.mem'
INFO: [USF-XSim-97] Finding global include files...
INFO: [USF-XSim-98] Fetching design files from 'sim_1'...
INFO: [USF-XSim-2] XSim::Compile design
INFO: [USF-XSim-61] Executing 'COMPILE and ANALYZE' step in 'H:/Comp Eng Lab I/simpleprocessor/simpleprocessor.sim/sim_1/behav/xsim'
"xvlog --incr --relax -prj simpleprocessor_tb_vlog.prj"
INFO: [VRFC 10-2263] Analyzing Verilog file "H:/Comp Eng Lab I/simpleprocessor/simpleprocessor.srcs/sources_1/new/simpleprocessor.v" into library xil_defaultlib
INFO: [VRFC 10-311] analyzing module simpleprocessor
INFO: [VRFC 10-2263] Analyzing Verilog file "H:/Comp Eng Lab I/simpleprocessor/simpleprocessor.srcs/sim_1/new/simpleprocessor_tb.v" into library xil_defaultlib
INFO: [VRFC 10-311] analyzing module simpleprocessor_tb
INFO: [USF-XSim-69] 'compile' step finished in '2' seconds
INFO: [USF-XSim-3] XSim::Elaborate design
INFO: [USF-XSim-61] Executing 'ELABORATE' step in 'H:/Comp Eng Lab I/simpleprocessor/simpleprocessor.sim/sim_1/behav/xsim'
"xelab -wto d8cdce6a826d4c39820dd1af2f0284c3 --incr --debug typical --relax --mt 2 -L xil_defaultlib -L unisims_ver -L unimacro_ver -L secureip --snapshot simpleprocessor_tb_behav xil_defaultlib.simpleprocessor_tb xil_defaultlib.glbl -log elaborate.log"
Vivado Simulator 2019.1
Copyright 1986-1999, 2001-2019 Xilinx, Inc. All Rights Reserved.
Running: C:/Xilinx/Vivado/2019.1/bin/unwrapped/win64.o/xelab.exe -wto d8cdce6a826d4c39820dd1af2f0284c3 --incr --debug typical --relax --mt 2 -L xil_defaultlib -L unisims_ver -L unimacro_ver -L secureip --snapshot simpleprocessor_tb_behav xil_defaultlib.simpleprocessor_tb xil_defaultlib.glbl -log elaborate.log 
Using 2 slave threads.
Starting static elaboration
Completed static elaboration
Starting simulation data flow analysis
Completed simulation data flow analysis
Time Resolution for simulation is 1ps
Compiling module xil_defaultlib.simpleprocessor
Compiling module xil_defaultlib.simpleprocessor_tb
Compiling module xil_defaultlib.glbl
Built simulation snapshot simpleprocessor_tb_behav
INFO: [USF-XSim-69] 'elaborate' step finished in '5' seconds
INFO: [USF-XSim-4] XSim::Simulate design
INFO: [USF-XSim-61] Executing 'SIMULATE' step in 'H:/Comp Eng Lab I/simpleprocessor/simpleprocessor.sim/sim_1/behav/xsim'
INFO: [USF-XSim-98] *** Running xsim
   with args "simpleprocessor_tb_behav -key {Behavioral:sim_1:Functional:simpleprocessor_tb} -tclbatch {simpleprocessor_tb.tcl} -log {simulate.log}"
INFO: [USF-XSim-8] Loading simulator feature
Vivado Simulator 2019.1
Time resolution is 1 ps
source simpleprocessor_tb.tcl
# set curr_wave [current_wave_config]
# if { [string length $curr_wave] == 0 } {
#   if { [llength [get_objects]] > 0} {
#     add_wave /
#     set_property needs_save false [current_wave_config]
#   } else {
#      send_msg_id Add_Wave-1 WARNING "No top level signals found. Simulator will start without a wave window. If you want to open a wave window go to 'File->New Waveform Configuration' or type 'create_wave_config' in the TCL console."
#   }
# }
# run 1000ns
INFO: [USF-XSim-96] XSim completed. Design snapshot 'simpleprocessor_tb_behav' loaded.
INFO: [USF-XSim-97] XSim simulation ran for 1000ns
launch_simulation: Time (s): cpu = 00:00:13 ; elapsed = 00:00:14 . Memory (MB): peak = 740.715 ; gain = 37.000
update_compile_order -fileset sources_1
run 100 us
run 100 us
run 100 us
run 100 us
close_sim
INFO: [Simtcl 6-16] Simulation closed
launch_simulation
INFO: [Vivado 12-5682] Launching behavioral simulation in 'H:/Comp Eng Lab I/simpleprocessor/simpleprocessor.sim/sim_1/behav/xsim'
INFO: [SIM-utils-51] Simulation object is 'sim_1'
INFO: [SIM-utils-54] Inspecting design source files for 'simpleprocessor_tb' in fileset 'sim_1'...
INFO: [SIM-utils-43] Exported 'H:/Comp Eng Lab I/simpleprocessor/simpleprocessor.sim/sim_1/behav/xsim/data.mem'
INFO: [SIM-utils-43] Exported 'H:/Comp Eng Lab I/simpleprocessor/simpleprocessor.sim/sim_1/behav/xsim/data.mem'
INFO: [USF-XSim-97] Finding global include files...
INFO: [USF-XSim-98] Fetching design files from 'sim_1'...
INFO: [USF-XSim-2] XSim::Compile design
INFO: [USF-XSim-61] Executing 'COMPILE and ANALYZE' step in 'H:/Comp Eng Lab I/simpleprocessor/simpleprocessor.sim/sim_1/behav/xsim'
"xvlog --incr --relax -prj simpleprocessor_tb_vlog.prj"
INFO: [VRFC 10-2263] Analyzing Verilog file "H:/Comp Eng Lab I/simpleprocessor/simpleprocessor.srcs/sources_1/new/simpleprocessor.v" into library xil_defaultlib
INFO: [VRFC 10-311] analyzing module simpleprocessor
INFO: [VRFC 10-2263] Analyzing Verilog file "H:/Comp Eng Lab I/simpleprocessor/simpleprocessor.srcs/sim_1/new/simpleprocessor_tb.v" into library xil_defaultlib
INFO: [VRFC 10-311] analyzing module simpleprocessor_tb
INFO: [USF-XSim-69] 'compile' step finished in '3' seconds
INFO: [USF-XSim-3] XSim::Elaborate design
INFO: [USF-XSim-61] Executing 'ELABORATE' step in 'H:/Comp Eng Lab I/simpleprocessor/simpleprocessor.sim/sim_1/behav/xsim'
"xelab -wto d8cdce6a826d4c39820dd1af2f0284c3 --incr --debug typical --relax --mt 2 -L xil_defaultlib -L unisims_ver -L unimacro_ver -L secureip --snapshot simpleprocessor_tb_behav xil_defaultlib.simpleprocessor_tb xil_defaultlib.glbl -log elaborate.log"
Vivado Simulator 2019.1
Copyright 1986-1999, 2001-2019 Xilinx, Inc. All Rights Reserved.
Running: C:/Xilinx/Vivado/2019.1/bin/unwrapped/win64.o/xelab.exe -wto d8cdce6a826d4c39820dd1af2f0284c3 --incr --debug typical --relax --mt 2 -L xil_defaultlib -L unisims_ver -L unimacro_ver -L secureip --snapshot simpleprocessor_tb_behav xil_defaultlib.simpleprocessor_tb xil_defaultlib.glbl -log elaborate.log 
Using 2 slave threads.
Starting static elaboration
Completed static elaboration
Starting simulation data flow analysis
Completed simulation data flow analysis
Time Resolution for simulation is 1ps
Compiling module xil_defaultlib.simpleprocessor
Compiling module xil_defaultlib.simpleprocessor_tb
Compiling module xil_defaultlib.glbl
Built simulation snapshot simpleprocessor_tb_behav
INFO: [USF-XSim-69] 'elaborate' step finished in '5' seconds
INFO: [USF-XSim-4] XSim::Simulate design
INFO: [USF-XSim-61] Executing 'SIMULATE' step in 'H:/Comp Eng Lab I/simpleprocessor/simpleprocessor.sim/sim_1/behav/xsim'
INFO: [USF-XSim-98] *** Running xsim
   with args "simpleprocessor_tb_behav -key {Behavioral:sim_1:Functional:simpleprocessor_tb} -tclbatch {simpleprocessor_tb.tcl} -log {simulate.log}"
INFO: [USF-XSim-8] Loading simulator feature
Vivado Simulator 2019.1
Time resolution is 1 ps
source simpleprocessor_tb.tcl
# set curr_wave [current_wave_config]
# if { [string length $curr_wave] == 0 } {
#   if { [llength [get_objects]] > 0} {
#     add_wave /
#     set_property needs_save false [current_wave_config]
#   } else {
#      send_msg_id Add_Wave-1 WARNING "No top level signals found. Simulator will start without a wave window. If you want to open a wave window go to 'File->New Waveform Configuration' or type 'create_wave_config' in the TCL console."
#   }
# }
# run 1000ns
INFO: [USF-XSim-96] XSim completed. Design snapshot 'simpleprocessor_tb_behav' loaded.
INFO: [USF-XSim-97] XSim simulation ran for 1000ns
launch_simulation: Time (s): cpu = 00:00:05 ; elapsed = 00:00:13 . Memory (MB): peak = 814.609 ; gain = 0.000
run 100 us
run 100 us
close_sim
INFO: [Simtcl 6-16] Simulation closed
launch_simulation
INFO: [Vivado 12-5682] Launching behavioral simulation in 'H:/Comp Eng Lab I/simpleprocessor/simpleprocessor.sim/sim_1/behav/xsim'
INFO: [SIM-utils-51] Simulation object is 'sim_1'
INFO: [SIM-utils-54] Inspecting design source files for 'simpleprocessor_tb' in fileset 'sim_1'...
INFO: [SIM-utils-43] Exported 'H:/Comp Eng Lab I/simpleprocessor/simpleprocessor.sim/sim_1/behav/xsim/data.mem'
INFO: [SIM-utils-43] Exported 'H:/Comp Eng Lab I/simpleprocessor/simpleprocessor.sim/sim_1/behav/xsim/data.mem'
INFO: [USF-XSim-97] Finding global include files...
INFO: [USF-XSim-98] Fetching design files from 'sim_1'...
INFO: [USF-XSim-2] XSim::Compile design
INFO: [USF-XSim-61] Executing 'COMPILE and ANALYZE' step in 'H:/Comp Eng Lab I/simpleprocessor/simpleprocessor.sim/sim_1/behav/xsim'
"xvlog --incr --relax -prj simpleprocessor_tb_vlog.prj"
INFO: [VRFC 10-2263] Analyzing Verilog file "H:/Comp Eng Lab I/simpleprocessor/simpleprocessor.srcs/sources_1/new/simpleprocessor.v" into library xil_defaultlib
INFO: [VRFC 10-311] analyzing module simpleprocessor
INFO: [VRFC 10-2263] Analyzing Verilog file "H:/Comp Eng Lab I/simpleprocessor/simpleprocessor.srcs/sim_1/new/simpleprocessor_tb.v" into library xil_defaultlib
INFO: [VRFC 10-311] analyzing module simpleprocessor_tb
INFO: [USF-XSim-69] 'compile' step finished in '3' seconds
INFO: [USF-XSim-3] XSim::Elaborate design
INFO: [USF-XSim-61] Executing 'ELABORATE' step in 'H:/Comp Eng Lab I/simpleprocessor/simpleprocessor.sim/sim_1/behav/xsim'
"xelab -wto d8cdce6a826d4c39820dd1af2f0284c3 --incr --debug typical --relax --mt 2 -L xil_defaultlib -L unisims_ver -L unimacro_ver -L secureip --snapshot simpleprocessor_tb_behav xil_defaultlib.simpleprocessor_tb xil_defaultlib.glbl -log elaborate.log"
Vivado Simulator 2019.1
Copyright 1986-1999, 2001-2019 Xilinx, Inc. All Rights Reserved.
Running: C:/Xilinx/Vivado/2019.1/bin/unwrapped/win64.o/xelab.exe -wto d8cdce6a826d4c39820dd1af2f0284c3 --incr --debug typical --relax --mt 2 -L xil_defaultlib -L unisims_ver -L unimacro_ver -L secureip --snapshot simpleprocessor_tb_behav xil_defaultlib.simpleprocessor_tb xil_defaultlib.glbl -log elaborate.log 
Using 2 slave threads.
Starting static elaboration
Completed static elaboration
Starting simulation data flow analysis
Completed simulation data flow analysis
Time Resolution for simulation is 1ps
Compiling module xil_defaultlib.simpleprocessor
Compiling module xil_defaultlib.simpleprocessor_tb
Compiling module xil_defaultlib.glbl
Built simulation snapshot simpleprocessor_tb_behav
INFO: [USF-XSim-69] 'elaborate' step finished in '5' seconds
INFO: [USF-XSim-4] XSim::Simulate design
INFO: [USF-XSim-61] Executing 'SIMULATE' step in 'H:/Comp Eng Lab I/simpleprocessor/simpleprocessor.sim/sim_1/behav/xsim'
INFO: [USF-XSim-98] *** Running xsim
   with args "simpleprocessor_tb_behav -key {Behavioral:sim_1:Functional:simpleprocessor_tb} -tclbatch {simpleprocessor_tb.tcl} -log {simulate.log}"
INFO: [USF-XSim-8] Loading simulator feature
Vivado Simulator 2019.1
Time resolution is 1 ps
source simpleprocessor_tb.tcl
# set curr_wave [current_wave_config]
# if { [string length $curr_wave] == 0 } {
#   if { [llength [get_objects]] > 0} {
#     add_wave /
#     set_property needs_save false [current_wave_config]
#   } else {
#      send_msg_id Add_Wave-1 WARNING "No top level signals found. Simulator will start without a wave window. If you want to open a wave window go to 'File->New Waveform Configuration' or type 'create_wave_config' in the TCL console."
#   }
# }
# run 1000ns
INFO: [USF-XSim-96] XSim completed. Design snapshot 'simpleprocessor_tb_behav' loaded.
INFO: [USF-XSim-97] XSim simulation ran for 1000ns
launch_simulation: Time (s): cpu = 00:00:04 ; elapsed = 00:00:13 . Memory (MB): peak = 814.609 ; gain = 0.000
run 100 us
close_sim
INFO: [Simtcl 6-16] Simulation closed
launch_simulation
INFO: [Vivado 12-5682] Launching behavioral simulation in 'H:/Comp Eng Lab I/simpleprocessor/simpleprocessor.sim/sim_1/behav/xsim'
INFO: [SIM-utils-51] Simulation object is 'sim_1'
INFO: [SIM-utils-54] Inspecting design source files for 'simpleprocessor_tb' in fileset 'sim_1'...
INFO: [SIM-utils-43] Exported 'H:/Comp Eng Lab I/simpleprocessor/simpleprocessor.sim/sim_1/behav/xsim/data.mem'
INFO: [SIM-utils-43] Exported 'H:/Comp Eng Lab I/simpleprocessor/simpleprocessor.sim/sim_1/behav/xsim/data.mem'
INFO: [USF-XSim-97] Finding global include files...
INFO: [USF-XSim-98] Fetching design files from 'sim_1'...
INFO: [USF-XSim-2] XSim::Compile design
INFO: [USF-XSim-61] Executing 'COMPILE and ANALYZE' step in 'H:/Comp Eng Lab I/simpleprocessor/simpleprocessor.sim/sim_1/behav/xsim'
"xvlog --incr --relax -prj simpleprocessor_tb_vlog.prj"
INFO: [VRFC 10-2263] Analyzing Verilog file "H:/Comp Eng Lab I/simpleprocessor/simpleprocessor.srcs/sources_1/new/simpleprocessor.v" into library xil_defaultlib
INFO: [VRFC 10-311] analyzing module simpleprocessor
INFO: [VRFC 10-2263] Analyzing Verilog file "H:/Comp Eng Lab I/simpleprocessor/simpleprocessor.srcs/sim_1/new/simpleprocessor_tb.v" into library xil_defaultlib
INFO: [VRFC 10-311] analyzing module simpleprocessor_tb
INFO: [USF-XSim-69] 'compile' step finished in '3' seconds
INFO: [USF-XSim-3] XSim::Elaborate design
INFO: [USF-XSim-61] Executing 'ELABORATE' step in 'H:/Comp Eng Lab I/simpleprocessor/simpleprocessor.sim/sim_1/behav/xsim'
"xelab -wto d8cdce6a826d4c39820dd1af2f0284c3 --incr --debug typical --relax --mt 2 -L xil_defaultlib -L unisims_ver -L unimacro_ver -L secureip --snapshot simpleprocessor_tb_behav xil_defaultlib.simpleprocessor_tb xil_defaultlib.glbl -log elaborate.log"
Vivado Simulator 2019.1
Copyright 1986-1999, 2001-2019 Xilinx, Inc. All Rights Reserved.
Running: C:/Xilinx/Vivado/2019.1/bin/unwrapped/win64.o/xelab.exe -wto d8cdce6a826d4c39820dd1af2f0284c3 --incr --debug typical --relax --mt 2 -L xil_defaultlib -L unisims_ver -L unimacro_ver -L secureip --snapshot simpleprocessor_tb_behav xil_defaultlib.simpleprocessor_tb xil_defaultlib.glbl -log elaborate.log 
Using 2 slave threads.
Starting static elaboration
Completed static elaboration
Starting simulation data flow analysis
Completed simulation data flow analysis
Time Resolution for simulation is 1ps
Compiling module xil_defaultlib.simpleprocessor
Compiling module xil_defaultlib.simpleprocessor_tb
Compiling module xil_defaultlib.glbl
Built simulation snapshot simpleprocessor_tb_behav
INFO: [USF-XSim-69] 'elaborate' step finished in '5' seconds
INFO: [USF-XSim-4] XSim::Simulate design
INFO: [USF-XSim-61] Executing 'SIMULATE' step in 'H:/Comp Eng Lab I/simpleprocessor/simpleprocessor.sim/sim_1/behav/xsim'
INFO: [USF-XSim-98] *** Running xsim
   with args "simpleprocessor_tb_behav -key {Behavioral:sim_1:Functional:simpleprocessor_tb} -tclbatch {simpleprocessor_tb.tcl} -log {simulate.log}"
INFO: [USF-XSim-8] Loading simulator feature
Vivado Simulator 2019.1
Time resolution is 1 ps
source simpleprocessor_tb.tcl
# set curr_wave [current_wave_config]
# if { [string length $curr_wave] == 0 } {
#   if { [llength [get_objects]] > 0} {
#     add_wave /
#     set_property needs_save false [current_wave_config]
#   } else {
#      send_msg_id Add_Wave-1 WARNING "No top level signals found. Simulator will start without a wave window. If you want to open a wave window go to 'File->New Waveform Configuration' or type 'create_wave_config' in the TCL console."
#   }
# }
# run 1000ns
INFO: [USF-XSim-96] XSim completed. Design snapshot 'simpleprocessor_tb_behav' loaded.
INFO: [USF-XSim-97] XSim simulation ran for 1000ns
launch_simulation: Time (s): cpu = 00:00:03 ; elapsed = 00:00:11 . Memory (MB): peak = 814.609 ; gain = 0.000
run 100 us
close_sim
INFO: [Simtcl 6-16] Simulation closed
launch_simulation
INFO: [Vivado 12-5682] Launching behavioral simulation in 'H:/Comp Eng Lab I/simpleprocessor/simpleprocessor.sim/sim_1/behav/xsim'
INFO: [SIM-utils-51] Simulation object is 'sim_1'
INFO: [SIM-utils-54] Inspecting design source files for 'simpleprocessor_tb' in fileset 'sim_1'...
INFO: [SIM-utils-43] Exported 'H:/Comp Eng Lab I/simpleprocessor/simpleprocessor.sim/sim_1/behav/xsim/data.mem'
INFO: [SIM-utils-43] Exported 'H:/Comp Eng Lab I/simpleprocessor/simpleprocessor.sim/sim_1/behav/xsim/data.mem'
INFO: [USF-XSim-97] Finding global include files...
INFO: [USF-XSim-98] Fetching design files from 'sim_1'...
INFO: [USF-XSim-2] XSim::Compile design
INFO: [USF-XSim-61] Executing 'COMPILE and ANALYZE' step in 'H:/Comp Eng Lab I/simpleprocessor/simpleprocessor.sim/sim_1/behav/xsim'
"xvlog --incr --relax -prj simpleprocessor_tb_vlog.prj"
INFO: [VRFC 10-2263] Analyzing Verilog file "H:/Comp Eng Lab I/simpleprocessor/simpleprocessor.srcs/sources_1/new/simpleprocessor.v" into library xil_defaultlib
INFO: [VRFC 10-311] analyzing module simpleprocessor
INFO: [VRFC 10-2263] Analyzing Verilog file "H:/Comp Eng Lab I/simpleprocessor/simpleprocessor.srcs/sim_1/new/simpleprocessor_tb.v" into library xil_defaultlib
INFO: [VRFC 10-311] analyzing module simpleprocessor_tb
INFO: [USF-XSim-69] 'compile' step finished in '3' seconds
INFO: [USF-XSim-3] XSim::Elaborate design
INFO: [USF-XSim-61] Executing 'ELABORATE' step in 'H:/Comp Eng Lab I/simpleprocessor/simpleprocessor.sim/sim_1/behav/xsim'
"xelab -wto d8cdce6a826d4c39820dd1af2f0284c3 --incr --debug typical --relax --mt 2 -L xil_defaultlib -L unisims_ver -L unimacro_ver -L secureip --snapshot simpleprocessor_tb_behav xil_defaultlib.simpleprocessor_tb xil_defaultlib.glbl -log elaborate.log"
Vivado Simulator 2019.1
Copyright 1986-1999, 2001-2019 Xilinx, Inc. All Rights Reserved.
Running: C:/Xilinx/Vivado/2019.1/bin/unwrapped/win64.o/xelab.exe -wto d8cdce6a826d4c39820dd1af2f0284c3 --incr --debug typical --relax --mt 2 -L xil_defaultlib -L unisims_ver -L unimacro_ver -L secureip --snapshot simpleprocessor_tb_behav xil_defaultlib.simpleprocessor_tb xil_defaultlib.glbl -log elaborate.log 
Using 2 slave threads.
Starting static elaboration
Completed static elaboration
Starting simulation data flow analysis
Completed simulation data flow analysis
Time Resolution for simulation is 1ps
Compiling module xil_defaultlib.simpleprocessor
Compiling module xil_defaultlib.simpleprocessor_tb
Compiling module xil_defaultlib.glbl
Built simulation snapshot simpleprocessor_tb_behav
INFO: [USF-XSim-69] 'elaborate' step finished in '3' seconds
INFO: [USF-XSim-4] XSim::Simulate design
INFO: [USF-XSim-61] Executing 'SIMULATE' step in 'H:/Comp Eng Lab I/simpleprocessor/simpleprocessor.sim/sim_1/behav/xsim'
INFO: [USF-XSim-98] *** Running xsim
   with args "simpleprocessor_tb_behav -key {Behavioral:sim_1:Functional:simpleprocessor_tb} -tclbatch {simpleprocessor_tb.tcl} -log {simulate.log}"
INFO: [USF-XSim-8] Loading simulator feature
Vivado Simulator 2019.1
Time resolution is 1 ps
source simpleprocessor_tb.tcl
# set curr_wave [current_wave_config]
# if { [string length $curr_wave] == 0 } {
#   if { [llength [get_objects]] > 0} {
#     add_wave /
#     set_property needs_save false [current_wave_config]
#   } else {
#      send_msg_id Add_Wave-1 WARNING "No top level signals found. Simulator will start without a wave window. If you want to open a wave window go to 'File->New Waveform Configuration' or type 'create_wave_config' in the TCL console."
#   }
# }
# run 1000ns
INFO: [USF-XSim-96] XSim completed. Design snapshot 'simpleprocessor_tb_behav' loaded.
INFO: [USF-XSim-97] XSim simulation ran for 1000ns
launch_simulation: Time (s): cpu = 00:00:03 ; elapsed = 00:00:10 . Memory (MB): peak = 814.609 ; gain = 0.000
run 100 us
close_sim
INFO: [Simtcl 6-16] Simulation closed
launch_simulation
INFO: [Vivado 12-5682] Launching behavioral simulation in 'H:/Comp Eng Lab I/simpleprocessor/simpleprocessor.sim/sim_1/behav/xsim'
INFO: [SIM-utils-51] Simulation object is 'sim_1'
INFO: [SIM-utils-54] Inspecting design source files for 'simpleprocessor_tb' in fileset 'sim_1'...
INFO: [SIM-utils-43] Exported 'H:/Comp Eng Lab I/simpleprocessor/simpleprocessor.sim/sim_1/behav/xsim/data.mem'
INFO: [SIM-utils-43] Exported 'H:/Comp Eng Lab I/simpleprocessor/simpleprocessor.sim/sim_1/behav/xsim/data.mem'
INFO: [USF-XSim-97] Finding global include files...
INFO: [USF-XSim-98] Fetching design files from 'sim_1'...
INFO: [USF-XSim-2] XSim::Compile design
INFO: [USF-XSim-61] Executing 'COMPILE and ANALYZE' step in 'H:/Comp Eng Lab I/simpleprocessor/simpleprocessor.sim/sim_1/behav/xsim'
"xvlog --incr --relax -prj simpleprocessor_tb_vlog.prj"
INFO: [USF-XSim-69] 'compile' step finished in '2' seconds
INFO: [USF-XSim-3] XSim::Elaborate design
INFO: [USF-XSim-61] Executing 'ELABORATE' step in 'H:/Comp Eng Lab I/simpleprocessor/simpleprocessor.sim/sim_1/behav/xsim'
"xelab -wto d8cdce6a826d4c39820dd1af2f0284c3 --incr --debug typical --relax --mt 2 -L xil_defaultlib -L unisims_ver -L unimacro_ver -L secureip --snapshot simpleprocessor_tb_behav xil_defaultlib.simpleprocessor_tb xil_defaultlib.glbl -log elaborate.log"
Vivado Simulator 2019.1
Copyright 1986-1999, 2001-2019 Xilinx, Inc. All Rights Reserved.
Running: C:/Xilinx/Vivado/2019.1/bin/unwrapped/win64.o/xelab.exe -wto d8cdce6a826d4c39820dd1af2f0284c3 --incr --debug typical --relax --mt 2 -L xil_defaultlib -L unisims_ver -L unimacro_ver -L secureip --snapshot simpleprocessor_tb_behav xil_defaultlib.simpleprocessor_tb xil_defaultlib.glbl -log elaborate.log 
Using 2 slave threads.
Starting static elaboration
Completed static elaboration
INFO: [XSIM 43-4323] No Change in HDL. Linking previously generated obj files to create kernel
INFO: [USF-XSim-69] 'elaborate' step finished in '3' seconds
INFO: [USF-XSim-4] XSim::Simulate design
INFO: [USF-XSim-61] Executing 'SIMULATE' step in 'H:/Comp Eng Lab I/simpleprocessor/simpleprocessor.sim/sim_1/behav/xsim'
INFO: [USF-XSim-98] *** Running xsim
   with args "simpleprocessor_tb_behav -key {Behavioral:sim_1:Functional:simpleprocessor_tb} -tclbatch {simpleprocessor_tb.tcl} -log {simulate.log}"
INFO: [USF-XSim-8] Loading simulator feature
Vivado Simulator 2019.1
Time resolution is 1 ps
source simpleprocessor_tb.tcl
# set curr_wave [current_wave_config]
# if { [string length $curr_wave] == 0 } {
#   if { [llength [get_objects]] > 0} {
#     add_wave /
#     set_property needs_save false [current_wave_config]
#   } else {
#      send_msg_id Add_Wave-1 WARNING "No top level signals found. Simulator will start without a wave window. If you want to open a wave window go to 'File->New Waveform Configuration' or type 'create_wave_config' in the TCL console."
#   }
# }
# run 1000ns
INFO: [USF-XSim-96] XSim completed. Design snapshot 'simpleprocessor_tb_behav' loaded.
INFO: [USF-XSim-97] XSim simulation ran for 1000ns
launch_simulation: Time (s): cpu = 00:00:04 ; elapsed = 00:00:10 . Memory (MB): peak = 814.609 ; gain = 0.000
run 100 us
close_sim
INFO: [Simtcl 6-16] Simulation closed
launch_simulation
INFO: [Vivado 12-5682] Launching behavioral simulation in 'H:/Comp Eng Lab I/simpleprocessor/simpleprocessor.sim/sim_1/behav/xsim'
INFO: [SIM-utils-51] Simulation object is 'sim_1'
INFO: [SIM-utils-54] Inspecting design source files for 'simpleprocessor_tb' in fileset 'sim_1'...
INFO: [SIM-utils-43] Exported 'H:/Comp Eng Lab I/simpleprocessor/simpleprocessor.sim/sim_1/behav/xsim/data.mem'
INFO: [SIM-utils-43] Exported 'H:/Comp Eng Lab I/simpleprocessor/simpleprocessor.sim/sim_1/behav/xsim/data.mem'
INFO: [USF-XSim-97] Finding global include files...
INFO: [USF-XSim-98] Fetching design files from 'sim_1'...
INFO: [USF-XSim-2] XSim::Compile design
INFO: [USF-XSim-61] Executing 'COMPILE and ANALYZE' step in 'H:/Comp Eng Lab I/simpleprocessor/simpleprocessor.sim/sim_1/behav/xsim'
"xvlog --incr --relax -prj simpleprocessor_tb_vlog.prj"
INFO: [VRFC 10-2263] Analyzing Verilog file "H:/Comp Eng Lab I/simpleprocessor/simpleprocessor.srcs/sources_1/new/simpleprocessor.v" into library xil_defaultlib
INFO: [VRFC 10-311] analyzing module simpleprocessor
INFO: [VRFC 10-2263] Analyzing Verilog file "H:/Comp Eng Lab I/simpleprocessor/simpleprocessor.srcs/sim_1/new/simpleprocessor_tb.v" into library xil_defaultlib
INFO: [VRFC 10-311] analyzing module simpleprocessor_tb
INFO: [USF-XSim-69] 'compile' step finished in '3' seconds
INFO: [USF-XSim-3] XSim::Elaborate design
INFO: [USF-XSim-61] Executing 'ELABORATE' step in 'H:/Comp Eng Lab I/simpleprocessor/simpleprocessor.sim/sim_1/behav/xsim'
"xelab -wto d8cdce6a826d4c39820dd1af2f0284c3 --incr --debug typical --relax --mt 2 -L xil_defaultlib -L unisims_ver -L unimacro_ver -L secureip --snapshot simpleprocessor_tb_behav xil_defaultlib.simpleprocessor_tb xil_defaultlib.glbl -log elaborate.log"
Vivado Simulator 2019.1
Copyright 1986-1999, 2001-2019 Xilinx, Inc. All Rights Reserved.
Running: C:/Xilinx/Vivado/2019.1/bin/unwrapped/win64.o/xelab.exe -wto d8cdce6a826d4c39820dd1af2f0284c3 --incr --debug typical --relax --mt 2 -L xil_defaultlib -L unisims_ver -L unimacro_ver -L secureip --snapshot simpleprocessor_tb_behav xil_defaultlib.simpleprocessor_tb xil_defaultlib.glbl -log elaborate.log 
Using 2 slave threads.
Starting static elaboration
Completed static elaboration
Starting simulation data flow analysis
Completed simulation data flow analysis
Time Resolution for simulation is 1ps
Compiling module xil_defaultlib.simpleprocessor
Compiling module xil_defaultlib.simpleprocessor_tb
Compiling module xil_defaultlib.glbl
Built simulation snapshot simpleprocessor_tb_behav
INFO: [USF-XSim-69] 'elaborate' step finished in '4' seconds
INFO: [USF-XSim-4] XSim::Simulate design
INFO: [USF-XSim-61] Executing 'SIMULATE' step in 'H:/Comp Eng Lab I/simpleprocessor/simpleprocessor.sim/sim_1/behav/xsim'
INFO: [USF-XSim-98] *** Running xsim
   with args "simpleprocessor_tb_behav -key {Behavioral:sim_1:Functional:simpleprocessor_tb} -tclbatch {simpleprocessor_tb.tcl} -log {simulate.log}"
INFO: [USF-XSim-8] Loading simulator feature
Vivado Simulator 2019.1
Time resolution is 1 ps
source simpleprocessor_tb.tcl
# set curr_wave [current_wave_config]
# if { [string length $curr_wave] == 0 } {
#   if { [llength [get_objects]] > 0} {
#     add_wave /
#     set_property needs_save false [current_wave_config]
#   } else {
#      send_msg_id Add_Wave-1 WARNING "No top level signals found. Simulator will start without a wave window. If you want to open a wave window go to 'File->New Waveform Configuration' or type 'create_wave_config' in the TCL console."
#   }
# }
# run 1000ns
INFO: [USF-XSim-96] XSim completed. Design snapshot 'simpleprocessor_tb_behav' loaded.
INFO: [USF-XSim-97] XSim simulation ran for 1000ns
launch_simulation: Time (s): cpu = 00:00:04 ; elapsed = 00:00:11 . Memory (MB): peak = 814.609 ; gain = 0.000
run 100 us
close_sim
INFO: [Simtcl 6-16] Simulation closed
launch_simulation
INFO: [Vivado 12-5682] Launching behavioral simulation in 'H:/Comp Eng Lab I/simpleprocessor/simpleprocessor.sim/sim_1/behav/xsim'
INFO: [SIM-utils-51] Simulation object is 'sim_1'
INFO: [SIM-utils-54] Inspecting design source files for 'simpleprocessor_tb' in fileset 'sim_1'...
INFO: [SIM-utils-43] Exported 'H:/Comp Eng Lab I/simpleprocessor/simpleprocessor.sim/sim_1/behav/xsim/data.mem'
INFO: [SIM-utils-43] Exported 'H:/Comp Eng Lab I/simpleprocessor/simpleprocessor.sim/sim_1/behav/xsim/data.mem'
INFO: [USF-XSim-97] Finding global include files...
INFO: [USF-XSim-98] Fetching design files from 'sim_1'...
INFO: [USF-XSim-2] XSim::Compile design
INFO: [USF-XSim-61] Executing 'COMPILE and ANALYZE' step in 'H:/Comp Eng Lab I/simpleprocessor/simpleprocessor.sim/sim_1/behav/xsim'
"xvlog --incr --relax -prj simpleprocessor_tb_vlog.prj"
INFO: [VRFC 10-2263] Analyzing Verilog file "H:/Comp Eng Lab I/simpleprocessor/simpleprocessor.srcs/sources_1/new/simpleprocessor.v" into library xil_defaultlib
INFO: [VRFC 10-311] analyzing module simpleprocessor
INFO: [VRFC 10-2263] Analyzing Verilog file "H:/Comp Eng Lab I/simpleprocessor/simpleprocessor.srcs/sim_1/new/simpleprocessor_tb.v" into library xil_defaultlib
INFO: [VRFC 10-311] analyzing module simpleprocessor_tb
INFO: [USF-XSim-69] 'compile' step finished in '3' seconds
INFO: [USF-XSim-3] XSim::Elaborate design
INFO: [USF-XSim-61] Executing 'ELABORATE' step in 'H:/Comp Eng Lab I/simpleprocessor/simpleprocessor.sim/sim_1/behav/xsim'
"xelab -wto d8cdce6a826d4c39820dd1af2f0284c3 --incr --debug typical --relax --mt 2 -L xil_defaultlib -L unisims_ver -L unimacro_ver -L secureip --snapshot simpleprocessor_tb_behav xil_defaultlib.simpleprocessor_tb xil_defaultlib.glbl -log elaborate.log"
Vivado Simulator 2019.1
Copyright 1986-1999, 2001-2019 Xilinx, Inc. All Rights Reserved.
Running: C:/Xilinx/Vivado/2019.1/bin/unwrapped/win64.o/xelab.exe -wto d8cdce6a826d4c39820dd1af2f0284c3 --incr --debug typical --relax --mt 2 -L xil_defaultlib -L unisims_ver -L unimacro_ver -L secureip --snapshot simpleprocessor_tb_behav xil_defaultlib.simpleprocessor_tb xil_defaultlib.glbl -log elaborate.log 
Using 2 slave threads.
Starting static elaboration
Completed static elaboration
Starting simulation data flow analysis
Completed simulation data flow analysis
Time Resolution for simulation is 1ps
Compiling module xil_defaultlib.simpleprocessor
Compiling module xil_defaultlib.simpleprocessor_tb
Compiling module xil_defaultlib.glbl
Built simulation snapshot simpleprocessor_tb_behav
INFO: [USF-XSim-69] 'elaborate' step finished in '3' seconds
INFO: [USF-XSim-4] XSim::Simulate design
INFO: [USF-XSim-61] Executing 'SIMULATE' step in 'H:/Comp Eng Lab I/simpleprocessor/simpleprocessor.sim/sim_1/behav/xsim'
INFO: [USF-XSim-98] *** Running xsim
   with args "simpleprocessor_tb_behav -key {Behavioral:sim_1:Functional:simpleprocessor_tb} -tclbatch {simpleprocessor_tb.tcl} -log {simulate.log}"
INFO: [USF-XSim-8] Loading simulator feature
Vivado Simulator 2019.1
Time resolution is 1 ps
source simpleprocessor_tb.tcl
# set curr_wave [current_wave_config]
# if { [string length $curr_wave] == 0 } {
#   if { [llength [get_objects]] > 0} {
#     add_wave /
#     set_property needs_save false [current_wave_config]
#   } else {
#      send_msg_id Add_Wave-1 WARNING "No top level signals found. Simulator will start without a wave window. If you want to open a wave window go to 'File->New Waveform Configuration' or type 'create_wave_config' in the TCL console."
#   }
# }
# run 1000ns
INFO: [USF-XSim-96] XSim completed. Design snapshot 'simpleprocessor_tb_behav' loaded.
INFO: [USF-XSim-97] XSim simulation ran for 1000ns
launch_simulation: Time (s): cpu = 00:00:03 ; elapsed = 00:00:10 . Memory (MB): peak = 814.609 ; gain = 0.000
run 100 us
